<?xml version="1.0" encoding="UTF-8"?>
<!-- Generated by org.testng.reporters.JUnitReportReporter -->
<testsuite hostname="LP00135" failures="0" tests="1" name="pack1.TestSampleTest" time="0.675" errors="0" timestamp="2021-03-05T17:35:15 IST" skipped="0">
  <testcase classname="pack1.TestSampleTest" name="dain" time="0.675"/>
  <system-out/>
</testsuite> <!-- pack1.TestSampleTest -->
