<?xml version="1.0" encoding="UTF-8"?>
<!-- Generated by org.testng.reporters.JUnitReportReporter -->
<testsuite hostname="LP00135" failures="0" tests="1" name="TestSampleTest" time="0.649" errors="0" timestamp="2020-05-10T18:12:58 IST" skipped="0">
  <testcase classname="TestSampleTest" name="dain" time="0.649"/>
  <system-out/>
</testsuite> <!-- TestSampleTest -->
