<?xml version="1.0" encoding="UTF-8"?>
<!-- Generated by org.testng.reporters.JUnitReportReporter -->
<testsuite hostname="LP00135" failures="0" tests="1" name="pack1.TestSampleTest" time="0.601" errors="0" timestamp="2020-05-10T18:14:53 IST" skipped="0">
  <testcase classname="pack1.TestSampleTest" name="dain" time="0.601"/>
  <system-out/>
</testsuite> <!-- pack1.TestSampleTest -->
